1699475676.512874 client started (30259): version 3.3a, socket /private/tmp/tmux-501/default, protocol 8
1699475676.512947 on Darwin 22.5.0 Darwin Kernel Version 22.5.0: Thu Jun  8 22:22:19 PDT 2023; root:xnu-8796.121.3~7/RELEASE_ARM64_T8103
1699475676.513225 using libevent 2.1.12-stable (select); utf8proc 2.9.0; ncurses 6.4
1699475676.513271 flags are 0x18010000
1699475676.513289 socket is /private/tmp/tmux-501/default
1699475676.513308 trying connect
1699475676.513398 add peer 0x118008000: 6 (0x0)
1699475676.521284 sending message 100 to peer 0x118008000 (4 bytes)
1699475676.521302 sending message 111 to peer 0x118008000 (8 bytes)
1699475676.521312 sending message 101 to peer 0x118008000 (15 bytes)
1699475676.521322 sending message 109 to peer 0x118008000 (4 bytes)
1699475676.521330 sending message 102 to peer 0x118008000 (13 bytes)
1699475676.521339 sending message 108 to peer 0x118008000 (35 bytes)
1699475676.521348 sending message 112 to peer 0x118008000 (58 bytes)
1699475676.521356 sending message 112 to peer 0x118008000 (5 bytes)
1699475676.521365 sending message 112 to peer 0x118008000 (5 bytes)
1699475676.521374 sending message 112 to peer 0x118008000 (6 bytes)
1699475676.521382 sending message 112 to peer 0x118008000 (6 bytes)
1699475676.521391 sending message 112 to peer 0x118008000 (11 bytes)
1699475676.521400 sending message 112 to peer 0x118008000 (10 bytes)
1699475676.521408 sending message 112 to peer 0x118008000 (13 bytes)
1699475676.521416 sending message 112 to peer 0x118008000 (14 bytes)
1699475676.521425 sending message 112 to peer 0x118008000 (19 bytes)
1699475676.521433 sending message 112 to peer 0x118008000 (11 bytes)
1699475676.521441 sending message 112 to peer 0x118008000 (10 bytes)
1699475676.521449 sending message 112 to peer 0x118008000 (15 bytes)
1699475676.521458 sending message 112 to peer 0x118008000 (21 bytes)
1699475676.521466 sending message 112 to peer 0x118008000 (13 bytes)
1699475676.521474 sending message 112 to peer 0x118008000 (7 bytes)
1699475676.521482 sending message 112 to peer 0x118008000 (13 bytes)
1699475676.521490 sending message 112 to peer 0x118008000 (7 bytes)
1699475676.521499 sending message 112 to peer 0x118008000 (13 bytes)
1699475676.521507 sending message 112 to peer 0x118008000 (9 bytes)
1699475676.521515 sending message 112 to peer 0x118008000 (21 bytes)
1699475676.521524 sending message 112 to peer 0x118008000 (13 bytes)
1699475676.521532 sending message 112 to peer 0x118008000 (9 bytes)
1699475676.521540 sending message 112 to peer 0x118008000 (16 bytes)
1699475676.521549 sending message 112 to peer 0x118008000 (13 bytes)
1699475676.521557 sending message 112 to peer 0x118008000 (9 bytes)
1699475676.521565 sending message 112 to peer 0x118008000 (9 bytes)
1699475676.521573 sending message 112 to peer 0x118008000 (12 bytes)
1699475676.521582 sending message 112 to peer 0x118008000 (8 bytes)
1699475676.521590 sending message 112 to peer 0x118008000 (8 bytes)
1699475676.521599 sending message 112 to peer 0x118008000 (13 bytes)
1699475676.521608 sending message 112 to peer 0x118008000 (7 bytes)
1699475676.521616 sending message 112 to peer 0x118008000 (7 bytes)
1699475676.521624 sending message 112 to peer 0x118008000 (9 bytes)
1699475676.521633 sending message 112 to peer 0x118008000 (9 bytes)
1699475676.521641 sending message 112 to peer 0x118008000 (15 bytes)
1699475676.521649 sending message 112 to peer 0x118008000 (13 bytes)
1699475676.521658 sending message 112 to peer 0x118008000 (12 bytes)
1699475676.521666 sending message 112 to peer 0x118008000 (8 bytes)
1699475676.521674 sending message 112 to peer 0x118008000 (14 bytes)
1699475676.521683 sending message 112 to peer 0x118008000 (11 bytes)
1699475676.521691 sending message 112 to peer 0x118008000 (9 bytes)
1699475676.521699 sending message 112 to peer 0x118008000 (10 bytes)
1699475676.521707 sending message 112 to peer 0x118008000 (10 bytes)
1699475676.521715 sending message 112 to peer 0x118008000 (10 bytes)
1699475676.521724 sending message 112 to peer 0x118008000 (10 bytes)
1699475676.521732 sending message 112 to peer 0x118008000 (11 bytes)
1699475676.521764 sending message 112 to peer 0x118008000 (12 bytes)
1699475676.521770 sending message 112 to peer 0x118008000 (12 bytes)
1699475676.521776 sending message 112 to peer 0x118008000 (12 bytes)
1699475676.521782 sending message 112 to peer 0x118008000 (12 bytes)
1699475676.521788 sending message 112 to peer 0x118008000 (12 bytes)
1699475676.521794 sending message 112 to peer 0x118008000 (11 bytes)
1699475676.521800 sending message 112 to peer 0x118008000 (11 bytes)
1699475676.521806 sending message 112 to peer 0x118008000 (12 bytes)
1699475676.521812 sending message 112 to peer 0x118008000 (12 bytes)
1699475676.521818 sending message 112 to peer 0x118008000 (12 bytes)
1699475676.521824 sending message 112 to peer 0x118008000 (12 bytes)
1699475676.521830 sending message 112 to peer 0x118008000 (12 bytes)
1699475676.521836 sending message 112 to peer 0x118008000 (9 bytes)
1699475676.521841 sending message 112 to peer 0x118008000 (12 bytes)
1699475676.521847 sending message 112 to peer 0x118008000 (13 bytes)
1699475676.521853 sending message 112 to peer 0x118008000 (13 bytes)
1699475676.521859 sending message 112 to peer 0x118008000 (13 bytes)
1699475676.521865 sending message 112 to peer 0x118008000 (13 bytes)
1699475676.521871 sending message 112 to peer 0x118008000 (13 bytes)
1699475676.521876 sending message 112 to peer 0x118008000 (8 bytes)
1699475676.521883 sending message 112 to peer 0x118008000 (11 bytes)
1699475676.521888 sending message 112 to peer 0x118008000 (11 bytes)
1699475676.521894 sending message 112 to peer 0x118008000 (11 bytes)
1699475676.521900 sending message 112 to peer 0x118008000 (12 bytes)
1699475676.521906 sending message 112 to peer 0x118008000 (12 bytes)
1699475676.521912 sending message 112 to peer 0x118008000 (12 bytes)
1699475676.521918 sending message 112 to peer 0x118008000 (12 bytes)
1699475676.521924 sending message 112 to peer 0x118008000 (13 bytes)
1699475676.521929 sending message 112 to peer 0x118008000 (13 bytes)
1699475676.521935 sending message 112 to peer 0x118008000 (13 bytes)
1699475676.521941 sending message 112 to peer 0x118008000 (8 bytes)
1699475676.521947 sending message 112 to peer 0x118008000 (13 bytes)
1699475676.521953 sending message 112 to peer 0x118008000 (13 bytes)
1699475676.521959 sending message 112 to peer 0x118008000 (13 bytes)
1699475676.521965 sending message 112 to peer 0x118008000 (13 bytes)
1699475676.521971 sending message 112 to peer 0x118008000 (13 bytes)
1699475676.521976 sending message 112 to peer 0x118008000 (12 bytes)
1699475676.521982 sending message 112 to peer 0x118008000 (12 bytes)
1699475676.521988 sending message 112 to peer 0x118008000 (12 bytes)
1699475676.521994 sending message 112 to peer 0x118008000 (12 bytes)
1699475676.522000 sending message 112 to peer 0x118008000 (13 bytes)
1699475676.522006 sending message 112 to peer 0x118008000 (8 bytes)
1699475676.522011 sending message 112 to peer 0x118008000 (13 bytes)
1699475676.522017 sending message 112 to peer 0x118008000 (13 bytes)
1699475676.522023 sending message 112 to peer 0x118008000 (13 bytes)
1699475676.522029 sending message 112 to peer 0x118008000 (13 bytes)
1699475676.522035 sending message 112 to peer 0x118008000 (13 bytes)
1699475676.522041 sending message 112 to peer 0x118008000 (13 bytes)
1699475676.522046 sending message 112 to peer 0x118008000 (13 bytes)
1699475676.522052 sending message 112 to peer 0x118008000 (12 bytes)
1699475676.522058 sending message 112 to peer 0x118008000 (12 bytes)
1699475676.522064 sending message 112 to peer 0x118008000 (12 bytes)
1699475676.522070 sending message 112 to peer 0x118008000 (8 bytes)
1699475676.522076 sending message 112 to peer 0x118008000 (12 bytes)
1699475676.522081 sending message 112 to peer 0x118008000 (13 bytes)
1699475676.522087 sending message 112 to peer 0x118008000 (13 bytes)
1699475676.522093 sending message 112 to peer 0x118008000 (13 bytes)
1699475676.522099 sending message 112 to peer 0x118008000 (13 bytes)
1699475676.522105 sending message 112 to peer 0x118008000 (13 bytes)
1699475676.522121 sending message 112 to peer 0x118008000 (13 bytes)
1699475676.522127 sending message 112 to peer 0x118008000 (13 bytes)
1699475676.522133 sending message 112 to peer 0x118008000 (13 bytes)
1699475676.522139 sending message 112 to peer 0x118008000 (12 bytes)
1699475676.522145 sending message 112 to peer 0x118008000 (10 bytes)
1699475676.522151 sending message 112 to peer 0x118008000 (12 bytes)
1699475676.522158 sending message 112 to peer 0x118008000 (12 bytes)
1699475676.522164 sending message 112 to peer 0x118008000 (12 bytes)
1699475676.522171 sending message 112 to peer 0x118008000 (13 bytes)
1699475676.522177 sending message 112 to peer 0x118008000 (13 bytes)
1699475676.522182 sending message 112 to peer 0x118008000 (13 bytes)
1699475676.522189 sending message 112 to peer 0x118008000 (13 bytes)
1699475676.522195 sending message 112 to peer 0x118008000 (13 bytes)
1699475676.522201 sending message 112 to peer 0x118008000 (13 bytes)
1699475676.522207 sending message 112 to peer 0x118008000 (13 bytes)
1699475676.522213 sending message 112 to peer 0x118008000 (10 bytes)
1699475676.522219 sending message 112 to peer 0x118008000 (13 bytes)
1699475676.522225 sending message 112 to peer 0x118008000 (12 bytes)
1699475676.522231 sending message 112 to peer 0x118008000 (12 bytes)
1699475676.522237 sending message 112 to peer 0x118008000 (12 bytes)
1699475676.522242 sending message 112 to peer 0x118008000 (10 bytes)
1699475676.522247 sending message 112 to peer 0x118008000 (10 bytes)
1699475676.522252 sending message 112 to peer 0x118008000 (10 bytes)
1699475676.522256 sending message 112 to peer 0x118008000 (12 bytes)
1699475676.522261 sending message 112 to peer 0x118008000 (13 bytes)
1699475676.522266 sending message 112 to peer 0x118008000 (13 bytes)
1699475676.522271 sending message 112 to peer 0x118008000 (13 bytes)
1699475676.522276 sending message 112 to peer 0x118008000 (13 bytes)
1699475676.522281 sending message 112 to peer 0x118008000 (13 bytes)
1699475676.522286 sending message 112 to peer 0x118008000 (10 bytes)
1699475676.522291 sending message 112 to peer 0x118008000 (11 bytes)
1699475676.522296 sending message 112 to peer 0x118008000 (12 bytes)
1699475676.522301 sending message 112 to peer 0x118008000 (12 bytes)
1699475676.522306 sending message 112 to peer 0x118008000 (12 bytes)
1699475676.522311 sending message 112 to peer 0x118008000 (12 bytes)
1699475676.522315 sending message 112 to peer 0x118008000 (12 bytes)
1699475676.522320 sending message 112 to peer 0x118008000 (11 bytes)
1699475676.522325 sending message 112 to peer 0x118008000 (12 bytes)
1699475676.522330 sending message 112 to peer 0x118008000 (12 bytes)
1699475676.522335 sending message 112 to peer 0x118008000 (13 bytes)
1699475676.522340 sending message 112 to peer 0x118008000 (13 bytes)
1699475676.522344 sending message 112 to peer 0x118008000 (13 bytes)
1699475676.522349 sending message 112 to peer 0x118008000 (13 bytes)
1699475676.522354 sending message 112 to peer 0x118008000 (13 bytes)
1699475676.522359 sending message 112 to peer 0x118008000 (10 bytes)
1699475676.522364 sending message 112 to peer 0x118008000 (9 bytes)
1699475676.522369 sending message 112 to peer 0x118008000 (12 bytes)
1699475676.522373 sending message 112 to peer 0x118008000 (13 bytes)
1699475676.522378 sending message 112 to peer 0x118008000 (13 bytes)
1699475676.522383 sending message 112 to peer 0x118008000 (13 bytes)
1699475676.522388 sending message 112 to peer 0x118008000 (13 bytes)
1699475676.522392 sending message 112 to peer 0x118008000 (13 bytes)
1699475676.522397 sending message 112 to peer 0x118008000 (9 bytes)
1699475676.522402 sending message 112 to peer 0x118008000 (12 bytes)
1699475676.522407 sending message 112 to peer 0x118008000 (13 bytes)
1699475676.522412 sending message 112 to peer 0x118008000 (13 bytes)
1699475676.522417 sending message 112 to peer 0x118008000 (13 bytes)
1699475676.522421 sending message 112 to peer 0x118008000 (13 bytes)
1699475676.522426 sending message 112 to peer 0x118008000 (13 bytes)
1699475676.522431 sending message 112 to peer 0x118008000 (11 bytes)
1699475676.522442 sending message 112 to peer 0x118008000 (12 bytes)
1699475676.522447 sending message 112 to peer 0x118008000 (13 bytes)
1699475676.522452 sending message 112 to peer 0x118008000 (13 bytes)
1699475676.522457 sending message 112 to peer 0x118008000 (13 bytes)
1699475676.522462 sending message 112 to peer 0x118008000 (13 bytes)
1699475676.522466 sending message 112 to peer 0x118008000 (13 bytes)
1699475676.522471 sending message 112 to peer 0x118008000 (11 bytes)
1699475676.522476 sending message 112 to peer 0x118008000 (12 bytes)
1699475676.522481 sending message 112 to peer 0x118008000 (12 bytes)
1699475676.522485 sending message 112 to peer 0x118008000 (12 bytes)
1699475676.522490 sending message 112 to peer 0x118008000 (12 bytes)
1699475676.522495 sending message 112 to peer 0x118008000 (12 bytes)
1699475676.522500 sending message 112 to peer 0x118008000 (21 bytes)
1699475676.522505 sending message 112 to peer 0x118008000 (12 bytes)
1699475676.522509 sending message 112 to peer 0x118008000 (9 bytes)
1699475676.522514 sending message 112 to peer 0x118008000 (6 bytes)
1699475676.522519 sending message 112 to peer 0x118008000 (13 bytes)
1699475676.522524 sending message 112 to peer 0x118008000 (10 bytes)
1699475676.522529 sending message 112 to peer 0x118008000 (24 bytes)
1699475676.522533 sending message 112 to peer 0x118008000 (13 bytes)
1699475676.522538 sending message 112 to peer 0x118008000 (9 bytes)
1699475676.522543 sending message 112 to peer 0x118008000 (70 bytes)
1699475676.522548 sending message 112 to peer 0x118008000 (69 bytes)
1699475676.522553 sending message 112 to peer 0x118008000 (12 bytes)
1699475676.522558 sending message 112 to peer 0x118008000 (10 bytes)
1699475676.522563 sending message 112 to peer 0x118008000 (10 bytes)
1699475676.522568 sending message 112 to peer 0x118008000 (24 bytes)
1699475676.522572 sending message 112 to peer 0x118008000 (13 bytes)
1699475676.522577 sending message 112 to peer 0x118008000 (10 bytes)
1699475676.522582 sending message 112 to peer 0x118008000 (10 bytes)
1699475676.522587 sending message 112 to peer 0x118008000 (10 bytes)
1699475676.522592 sending message 112 to peer 0x118008000 (13 bytes)
1699475676.522596 sending message 112 to peer 0x118008000 (15 bytes)
1699475676.522601 sending message 112 to peer 0x118008000 (5 bytes)
1699475676.522617 sending message 104 to peer 0x118008000 (0 bytes)
1699475676.522623 sending message 110 to peer 0x118008000 (0 bytes)
1699475676.522628 sending message 107 to peer 0x118008000 (4 bytes)
1699475676.522633 sending message 105 to peer 0x118008000 (40 bytes)
1699475676.522638 sending message 105 to peer 0x118008000 (57 bytes)
1699475676.522643 sending message 105 to peer 0x118008000 (14 bytes)
1699475676.522648 sending message 105 to peer 0x118008000 (20 bytes)
1699475676.522653 sending message 105 to peer 0x118008000 (66 bytes)
1699475676.522658 sending message 105 to peer 0x118008000 (19 bytes)
1699475676.522662 sending message 105 to peer 0x118008000 (28 bytes)
1699475676.522667 sending message 105 to peer 0x118008000 (25 bytes)
1699475676.522672 sending message 105 to peer 0x118008000 (53 bytes)
1699475676.522677 sending message 105 to peer 0x118008000 (15 bytes)
1699475676.522682 sending message 105 to peer 0x118008000 (25 bytes)
1699475676.522687 sending message 105 to peer 0x118008000 (21 bytes)
1699475676.522692 sending message 105 to peer 0x118008000 (18 bytes)
1699475676.522698 sending message 105 to peer 0x118008000 (341 bytes)
1699475676.522703 sending message 105 to peer 0x118008000 (8 bytes)
1699475676.522708 sending message 105 to peer 0x118008000 (39 bytes)
1699475676.522713 sending message 105 to peer 0x118008000 (31 bytes)
1699475676.522718 sending message 105 to peer 0x118008000 (30 bytes)
1699475676.522723 sending message 105 to peer 0x118008000 (37 bytes)
1699475676.522728 sending message 105 to peer 0x118008000 (34 bytes)
1699475676.522733 sending message 105 to peer 0x118008000 (34 bytes)
1699475676.522738 sending message 105 to peer 0x118008000 (35 bytes)
1699475676.522752 sending message 105 to peer 0x118008000 (17 bytes)
1699475676.522757 sending message 105 to peer 0x118008000 (25 bytes)
1699475676.522762 sending message 106 to peer 0x118008000 (0 bytes)
1699475676.522865 sending message 200 to peer 0x118008000 (4 bytes)
1699475676.522872 client loop enter
1699475676.526299 peer 0x118008000 message 207
1699475676.526312 sending message 208 to peer 0x118008000 (0 bytes)
1699475676.527085 peer 0x118008000 message 203
1699475676.527096 sending message 205 to peer 0x118008000 (0 bytes)
1699475676.527325 peer 0x118008000 message 204
1699475676.527346 client loop exit
